2025-10-16T07:24:44+00:00 DEBUG #1088 - [New Request] GET /wp-admin/
2025-10-16T07:24:44+00:00 INFO #1088 - No customers for payment tokens migration.
2025-10-16T07:24:46+00:00 DEBUG #1088 - GET https://api.woocommerce.com/integrations/ppc/v1/notifications/webhooks
Response: Array
(
    [code] => 404
    [message] => Not Found
)

Response Body: {"statusCode":404,"error":"Not Found","message":"Not Found"}

2025-10-16T07:24:46+00:00 ERROR #1088 - Failed to delete webhooks: [Error] Not Found
2025-10-16T07:24:46+00:00 INFO #1088 - Webhooks deleted.
2025-10-16T07:24:46+00:00 DEBUG #1088 - POST https://api.woocommerce.com/integrations/ppc/v1/notifications/webhooks
Request Body: {"url":"https:\/\/budport.local\/wp-json\/paypal\/v1\/incoming","event_types":[{"name":"CHECKOUT.ORDER.APPROVED"},{"name":"CHECKOUT.ORDER.COMPLETED"},{"name":"CHECKOUT.PAYMENT-APPROVAL.REVERSED"},{"name":"PAYMENT.CAPTURE.REFUNDED"},{"name":"PAYMENT.AUTHORIZATION.VOIDED"},{"name":"PAYMENT.CAPTURE.REVERSED"},{"name":"PAYMENT.ORDER.CANCELLED"},{"name":"PAYMENT.CAPTURE.DENIED"},{"name":"PAYMENT.CAPTURE.COMPLETED"},{"name":"VAULT.PAYMENT-TOKEN.CREATED"},{"name":"VAULT.PAYMENT-TOKEN.DELETED"},{"name":"PAYMENT.CAPTURE.PENDING"},{"name":"PAYMENT.SALE.COMPLETED"},{"name":"PAYMENT.SALE.REFUNDED"},{"name":"BILLING.SUBSCRIPTION.CANCELLED"},{"name":"BILLING.PLAN.PRICING-CHANGE.ACTIVATED"},{"name":"CATALOG.PRODUCT.UPDATED"},{"name":"BILLING.PLAN.UPDATED"}]}
Response: Array
(
    [code] => 404
    [message] => Not Found
)

Response Body: {"statusCode":404,"error":"Not Found","message":"Not Found"}

2025-10-16T07:24:46+00:00 ERROR #1088 - Failed to subscribe webhooks: [Error] Not Found
